c:\users\hp\desktop\spaceship\consolea.ac3f6354\x64\release\vc143.pdb
c:\users\hp\desktop\spaceship\consolea.ac3f6354\x64\release\temp.obj
c:\users\hp\desktop\spaceship\consolea.ac3f6354\x64\release\cvector.obj
c:\users\hp\desktop\spaceship\consolea.ac3f6354\x64\release\cquaternion.obj
c:\users\hp\desktop\spaceship\consolea.ac3f6354\x64\release\ceuler.obj
c:\users\hp\desktop\spaceship\consolea.ac3f6354\x64\release\astronaut.obj
c:\users\hp\desktop\spaceship\consolea.ac3f6354\x64\release\aabb.obj
c:\users\hp\desktop\spaceship\consolea.ac3f6354\x64\release\111.obj
c:\users\hp\desktop\spaceship\consolea.ac3f6354\x64\release\keyboard.obj
c:\users\hp\desktop\spaceship\consolea.ac3f6354\x64\release\camera.obj
c:\users\hp\desktop\spaceship\consolea.ac3f6354\x64\release\testfunc.obj
c:\users\hp\desktop\spaceship\consolea.ac3f6354\x64\release\star.obj
c:\users\hp\desktop\spaceship\consolea.ac3f6354\x64\release\global.obj
c:\users\hp\desktop\spaceship\consolea.ac3f6354\x64\release\cmatrix.obj
c:\users\hp\desktop\spaceship\consolea.ac3f6354\x64\release\ship.obj
c:\users\hp\desktop\spaceship\consolea.ac3f6354\x64\release\planet.obj
c:\users\hp\desktop\spaceship\consolea.ac3f6354\x64\release\main.obj
c:\users\hp\desktop\spaceship\x64\release\consoleapplication1.exe
c:\users\hp\desktop\spaceship\x64\release\consoleapplication1.pdb
c:\users\hp\desktop\spaceship\consolea.ac3f6354\x64\release\consoleapplication1.ipdb
c:\users\hp\desktop\spaceship\consolea.ac3f6354\x64\release\consoleapplication1.iobj
c:\users\hp\desktop\spaceship\consolea.ac3f6354\x64\release\consolea.ac3f6354.tlog\cl.command.1.tlog
c:\users\hp\desktop\spaceship\consolea.ac3f6354\x64\release\consolea.ac3f6354.tlog\cl.items.tlog
c:\users\hp\desktop\spaceship\consolea.ac3f6354\x64\release\consolea.ac3f6354.tlog\cl.read.1.tlog
c:\users\hp\desktop\spaceship\consolea.ac3f6354\x64\release\consolea.ac3f6354.tlog\cl.write.1.tlog
c:\users\hp\desktop\spaceship\consolea.ac3f6354\x64\release\consolea.ac3f6354.tlog\link.command.1.tlog
c:\users\hp\desktop\spaceship\consolea.ac3f6354\x64\release\consolea.ac3f6354.tlog\link.read.1.tlog
c:\users\hp\desktop\spaceship\consolea.ac3f6354\x64\release\consolea.ac3f6354.tlog\link.secondary.1.tlog
c:\users\hp\desktop\spaceship\consolea.ac3f6354\x64\release\consolea.ac3f6354.tlog\link.write.1.tlog
