  camera.cpp
C:\Users\HP\Desktop\Spaceship\Camera.h(5,10): error C1083: 无法打开包括文件: “GL/glut.h”: No such file or directory
  (编译源文件“camera.cpp”)
  
  CEuler.cpp
C:\Users\HP\Desktop\Spaceship\CEuler.cpp(99,26): warning C4244: “参数”: 从“double”转换到“float”，可能丢失数据
C:\Users\HP\Desktop\Spaceship\CEuler.cpp(99,23): warning C4244: “参数”: 从“double”转换到“float”，可能丢失数据
C:\Users\HP\Desktop\Spaceship\CEuler.cpp(99,20): warning C4244: “参数”: 从“double”转换到“float”，可能丢失数据
  keyboard.cpp
C:\Users\HP\Desktop\Spaceship\keyboard.h(6,10): error C1083: 无法打开包括文件: “GL/glut.h”: No such file or directory
  (编译源文件“keyboard.cpp”)
  
  main.cpp
C:\Users\HP\Desktop\Spaceship\main.cpp(2,10): error C1083: 无法打开包括文件: “GL/glut.h”: No such file or directory
  CQuaternion.cpp
  CVector.cpp
  CVector.h
  CMatrix.cpp
C:\Users\HP\Desktop\Spaceship\base.h(4,10): error C1083: 无法打开包括文件: “GL/glut.h”: No such file or directory
  (编译源文件“CMatrix.cpp”)
  
  global.cpp
C:\Users\HP\Desktop\Spaceship\base.h(4,10): error C1083: 无法打开包括文件: “GL/glut.h”: No such file or directory
  (编译源文件“global.cpp”)
  
  Astronaut.cpp
C:\Users\HP\Desktop\Spaceship\Astronaut.cpp(2,10): error C1083: 无法打开包括文件: “GL/glut.h”: No such file or directory
  planet.cpp
C:\Users\HP\Desktop\Spaceship\base.h(4,10): error C1083: 无法打开包括文件: “GL/glut.h”: No such file or directory
  (编译源文件“planet.cpp”)
  
  ship.cpp
C:\Users\HP\Desktop\Spaceship\base.h(4,10): error C1083: 无法打开包括文件: “GL/glut.h”: No such file or directory
  (编译源文件“ship.cpp”)
  
  star.cpp
C:\Users\HP\Desktop\Spaceship\star.h(3,16): warning C4091: “typedef ”: 没有声明变量时忽略“star”的左侧
  (编译源文件“star.cpp”)
  
C:\Users\HP\Desktop\Spaceship\base.h(4,10): error C1083: 无法打开包括文件: “GL/glut.h”: No such file or directory
  (编译源文件“star.cpp”)
  
  temp.cpp
  testFunc.cpp
C:\Users\HP\Desktop\Spaceship\base.h(4,10): error C1083: 无法打开包括文件: “GL/glut.h”: No such file or directory
  (编译源文件“testFunc.cpp”)
  
