c:\users\hp\desktop\spaceship\consolea.ac3f6354\x64\debug\vc143.pdb
c:\users\hp\desktop\spaceship\consolea.ac3f6354\x64\debug\vc143.idb
c:\users\hp\desktop\spaceship\consolea.ac3f6354\x64\debug\testfunc.obj
c:\users\hp\desktop\spaceship\consolea.ac3f6354\x64\debug\temp.obj
c:\users\hp\desktop\spaceship\consolea.ac3f6354\x64\debug\star.obj
c:\users\hp\desktop\spaceship\consolea.ac3f6354\x64\debug\ship.obj
c:\users\hp\desktop\spaceship\consolea.ac3f6354\x64\debug\planet.obj
c:\users\hp\desktop\spaceship\consolea.ac3f6354\x64\debug\astronaut.obj
c:\users\hp\desktop\spaceship\consolea.ac3f6354\x64\debug\global.obj
c:\users\hp\desktop\spaceship\consolea.ac3f6354\x64\debug\cmatrix.obj
c:\users\hp\desktop\spaceship\consolea.ac3f6354\x64\debug\cvector.obj
c:\users\hp\desktop\spaceship\consolea.ac3f6354\x64\debug\cquaternion.obj
c:\users\hp\desktop\spaceship\consolea.ac3f6354\x64\debug\main.obj
c:\users\hp\desktop\spaceship\consolea.ac3f6354\x64\debug\keyboard.obj
c:\users\hp\desktop\spaceship\consolea.ac3f6354\x64\debug\ceuler.obj
c:\users\hp\desktop\spaceship\consolea.ac3f6354\x64\debug\camera.obj
c:\users\hp\desktop\spaceship\consolea.ac3f6354\x64\debug\aabb.obj
c:\users\hp\desktop\spaceship\consolea.ac3f6354\x64\debug\111.obj
c:\users\hp\desktop\spaceship\consolea.ac3f6354\x64\debug\consoleapplication1.ilk
c:\users\hp\desktop\spaceship\run\consoleapplication1.pdb
c:\users\hp\desktop\spaceship\consolea.ac3f6354\x64\debug\consolea.ac3f6354.tlog\cl.command.1.tlog
c:\users\hp\desktop\spaceship\consolea.ac3f6354\x64\debug\consolea.ac3f6354.tlog\cl.items.tlog
c:\users\hp\desktop\spaceship\consolea.ac3f6354\x64\debug\consolea.ac3f6354.tlog\cl.read.1.tlog
c:\users\hp\desktop\spaceship\consolea.ac3f6354\x64\debug\consolea.ac3f6354.tlog\cl.write.1.tlog
c:\users\hp\desktop\spaceship\consolea.ac3f6354\x64\debug\consolea.ac3f6354.tlog\link.22704.read.1.tlog
c:\users\hp\desktop\spaceship\consolea.ac3f6354\x64\debug\consolea.ac3f6354.tlog\link.22704.read.2.tlog
c:\users\hp\desktop\spaceship\consolea.ac3f6354\x64\debug\consolea.ac3f6354.tlog\link.22704.read.3.tlog
c:\users\hp\desktop\spaceship\consolea.ac3f6354\x64\debug\consolea.ac3f6354.tlog\link.22704.read.4.tlog
c:\users\hp\desktop\spaceship\consolea.ac3f6354\x64\debug\consolea.ac3f6354.tlog\link.22704.read.5.tlog
c:\users\hp\desktop\spaceship\consolea.ac3f6354\x64\debug\consolea.ac3f6354.tlog\link.22704.read.6.tlog
c:\users\hp\desktop\spaceship\consolea.ac3f6354\x64\debug\consolea.ac3f6354.tlog\link.22704.write.1.tlog
c:\users\hp\desktop\spaceship\consolea.ac3f6354\x64\debug\consolea.ac3f6354.tlog\link.4356.read.1.tlog
c:\users\hp\desktop\spaceship\consolea.ac3f6354\x64\debug\consolea.ac3f6354.tlog\link.4356.read.2.tlog
c:\users\hp\desktop\spaceship\consolea.ac3f6354\x64\debug\consolea.ac3f6354.tlog\link.4356.read.3.tlog
c:\users\hp\desktop\spaceship\consolea.ac3f6354\x64\debug\consolea.ac3f6354.tlog\link.4356.read.4.tlog
c:\users\hp\desktop\spaceship\consolea.ac3f6354\x64\debug\consolea.ac3f6354.tlog\link.4356.read.5.tlog
c:\users\hp\desktop\spaceship\consolea.ac3f6354\x64\debug\consolea.ac3f6354.tlog\link.4356.read.6.tlog
c:\users\hp\desktop\spaceship\consolea.ac3f6354\x64\debug\consolea.ac3f6354.tlog\link.4356.write.1.tlog
c:\users\hp\desktop\spaceship\consolea.ac3f6354\x64\debug\consolea.ac3f6354.tlog\link.command.1.tlog
c:\users\hp\desktop\spaceship\consolea.ac3f6354\x64\debug\consolea.ac3f6354.tlog\link.read.1.tlog
c:\users\hp\desktop\spaceship\consolea.ac3f6354\x64\debug\consolea.ac3f6354.tlog\link.read.2.tlog
c:\users\hp\desktop\spaceship\consolea.ac3f6354\x64\debug\consolea.ac3f6354.tlog\link.read.3.tlog
c:\users\hp\desktop\spaceship\consolea.ac3f6354\x64\debug\consolea.ac3f6354.tlog\link.read.4.tlog
c:\users\hp\desktop\spaceship\consolea.ac3f6354\x64\debug\consolea.ac3f6354.tlog\link.read.5.tlog
c:\users\hp\desktop\spaceship\consolea.ac3f6354\x64\debug\consolea.ac3f6354.tlog\link.read.6.tlog
c:\users\hp\desktop\spaceship\consolea.ac3f6354\x64\debug\consolea.ac3f6354.tlog\link.read.7.tlog
c:\users\hp\desktop\spaceship\consolea.ac3f6354\x64\debug\consolea.ac3f6354.tlog\link.secondary.1.tlog
c:\users\hp\desktop\spaceship\consolea.ac3f6354\x64\debug\consolea.ac3f6354.tlog\link.write.1.tlog
