  planet.cpp
C:\Users\HP\Desktop\Spaceship\planet.h(11,16): warning C4091: “typedef ”: 没有声明变量时忽略“ball”的左侧
  (编译源文件“planet.cpp”)
  
C:\Users\HP\Desktop\Spaceship\global.h(2,10): warning C4067: 预处理器指令后有意外标记 - 应输入换行符
  (编译源文件“planet.cpp”)
  
C:\Users\HP\Desktop\Spaceship\ship.h(7,16): warning C4091: “typedef ”: 没有声明变量时忽略“ship”的左侧
  (编译源文件“planet.cpp”)
  
C:\Users\HP\Desktop\Spaceship\planet.cpp(16,24): warning C4305: “初始化”: 从“double”到“float”截断
C:\Users\HP\Desktop\Spaceship\planet.cpp(16,50): warning C4305: “初始化”: 从“double”到“float”截断
C:\Users\HP\Desktop\Spaceship\planet.cpp(16,76): warning C4305: “初始化”: 从“double”到“float”截断
C:\Users\HP\Desktop\Spaceship\planet.cpp(99,59): warning C4244: “参数”: 从“GLdouble”转换到“float”，可能丢失数据
C:\Users\HP\Desktop\Spaceship\planet.cpp(99,44): warning C4244: “参数”: 从“GLdouble”转换到“float”，可能丢失数据
C:\Users\HP\Desktop\Spaceship\planet.cpp(99,29): warning C4244: “参数”: 从“GLdouble”转换到“float”，可能丢失数据
C:\Users\HP\Desktop\Spaceship\planet.cpp(103,80): warning C4244: “参数”: 从“GLdouble”转换到“float”，可能丢失数据
C:\Users\HP\Desktop\Spaceship\planet.cpp(103,72): warning C4244: “参数”: 从“GLdouble”转换到“float”，可能丢失数据
C:\Users\HP\Desktop\Spaceship\planet.cpp(103,64): warning C4244: “参数”: 从“GLdouble”转换到“float”，可能丢失数据
C:\Users\HP\Desktop\Spaceship\planet.cpp(107,55): warning C4244: “参数”: 从“GLdouble”转换到“float”，可能丢失数据
C:\Users\HP\Desktop\Spaceship\planet.cpp(107,47): warning C4244: “参数”: 从“GLdouble”转换到“float”，可能丢失数据
C:\Users\HP\Desktop\Spaceship\planet.cpp(107,39): warning C4244: “参数”: 从“GLdouble”转换到“float”，可能丢失数据
C:\Users\HP\Desktop\Spaceship\planet.cpp(143,23): warning C4244: “=”: 从“double”转换到“float”，可能丢失数据
C:\Users\HP\Desktop\Spaceship\planet.cpp(144,57): warning C4244: “=”: 从“double”转换到“float”，可能丢失数据
C:\Users\HP\Desktop\Spaceship\planet.cpp(148,23): warning C4244: “=”: 从“double”转换到“float”，可能丢失数据
C:\Users\HP\Desktop\Spaceship\planet.cpp(149,41): warning C4244: “=”: 从“double”转换到“float”，可能丢失数据
C:\Users\HP\Desktop\Spaceship\planet.cpp(150,33): warning C4305: “=”: 从“double”到“float”截断
C:\Users\HP\Desktop\Spaceship\planet.cpp(159,24): warning C4244: “=”: 从“double”转换到“float”，可能丢失数据
C:\Users\HP\Desktop\Spaceship\planet.cpp(160,42): warning C4244: “=”: 从“double”转换到“float”，可能丢失数据
C:\Users\HP\Desktop\Spaceship\planet.cpp(161,33): warning C4305: “=”: 从“double”到“float”截断
C:\Users\HP\Desktop\Spaceship\planet.cpp(170,23): warning C4244: “=”: 从“double”转换到“float”，可能丢失数据
C:\Users\HP\Desktop\Spaceship\planet.cpp(171,41): warning C4244: “=”: 从“double”转换到“float”，可能丢失数据
C:\Users\HP\Desktop\Spaceship\planet.cpp(172,28): warning C4305: “=”: 从“double”到“float”截断
C:\Users\HP\Desktop\Spaceship\planet.cpp(181,43): warning C4244: “=”: 从“double”转换到“float”，可能丢失数据
C:\Users\HP\Desktop\Spaceship\planet.cpp(182,37): warning C4305: “=”: 从“double”到“float”截断
C:\Users\HP\Desktop\Spaceship\planet.cpp(183,33): warning C4305: “=”: 从“double”到“float”截断
C:\Users\HP\Desktop\Spaceship\planet.cpp(192,43): warning C4244: “=”: 从“double”转换到“float”，可能丢失数据
C:\Users\HP\Desktop\Spaceship\planet.cpp(193,37): warning C4305: “=”: 从“double”到“float”截断
C:\Users\HP\Desktop\Spaceship\planet.cpp(194,38): warning C4305: “=”: 从“double”到“float”截断
C:\Users\HP\Desktop\Spaceship\planet.cpp(203,43): warning C4244: “=”: 从“double”转换到“float”，可能丢失数据
C:\Users\HP\Desktop\Spaceship\planet.cpp(204,37): warning C4305: “=”: 从“double”到“float”截断
C:\Users\HP\Desktop\Spaceship\planet.cpp(205,38): warning C4305: “=”: 从“double”到“float”截断
C:\Users\HP\Desktop\Spaceship\planet.cpp(213,41): warning C4305: “参数”: 从“double”到“float”截断
C:\Users\HP\Desktop\Spaceship\planet.cpp(213,36): warning C4305: “参数”: 从“double”到“float”截断
C:\Users\HP\Desktop\Spaceship\planet.cpp(213,31): warning C4305: “参数”: 从“double”到“float”截断
C:\Users\HP\Desktop\Spaceship\planet.cpp(214,43): warning C4244: “=”: 从“double”转换到“float”，可能丢失数据
C:\Users\HP\Desktop\Spaceship\planet.cpp(215,37): warning C4305: “=”: 从“double”到“float”截断
C:\Users\HP\Desktop\Spaceship\planet.cpp(216,33): warning C4305: “=”: 从“double”到“float”截断
C:\Users\HP\Desktop\Spaceship\planet.cpp(253,22): warning C4244: “初始化”: 从“double”转换到“float”，可能丢失数据
C:\Users\HP\Desktop\Spaceship\planet.cpp(254,22): warning C4244: “初始化”: 从“double”转换到“float”，可能丢失数据
C:\Users\HP\Desktop\Spaceship\planet.cpp(291,21): warning C4244: “初始化”: 从“double”转换到“float”，可能丢失数据
C:\Users\HP\Desktop\Spaceship\planet.cpp(292,63): warning C4244: “=”: 从“double”转换到“float”，可能丢失数据
C:\Users\HP\Desktop\Spaceship\planet.cpp(293,63): warning C4244: “=”: 从“double”转换到“float”，可能丢失数据
C:\Users\HP\Desktop\Spaceship\planet.cpp(294,69): warning C4244: “=”: 从“double”转换到“float”，可能丢失数据
C:\Users\HP\Desktop\Spaceship\planet.cpp(317,22): warning C4244: “初始化”: 从“double”转换到“float”，可能丢失数据
C:\Users\HP\Desktop\Spaceship\planet.cpp(349,44): warning C4305: “初始化”: 从“double”到“float”截断
  ConsoleApplication1.vcxproj -> C:\Users\HP\Desktop\Spaceship\run\ConsoleApplication1.exe
